Arguments: 
  /Users/moritzreich/.nvm/versions/node/v16.15.0/bin/node /Users/moritzreich/.yarn/bin/yarn.js publish

PATH: 
  /Users/moritzreich/.yarn/bin:/Users/moritzreich/.config/yarn/global/node_modules/.bin:/opt/homebrew/opt/curl/bin:/Users/moritzreich/.yarn/bin:/usr/local/opt/ruby/bin:/opt/homebrew/opt/ruby@2.7/bin:/Users/moritzreich/google-cloud-sdk/bin:/opt/anaconda3/envs/native/bin:/opt/anaconda3/condabin:/Users/moritzreich/.nvm/versions/node/v16.15.0/bin:/Users/moritzreich/.local/share/solana/install/active_release/bin:/opt/homebrew/bin:/opt/homebrew/sbin:/usr/local/bin:/usr/bin:/bin:/usr/sbin:/sbin:/Library/Apple/usr/bin:/Users/moritzreich/.cargo/bin

Yarn version: 
  1.22.19

Node version: 
  16.15.0

Platform: 
  darwin arm64

Trace: 
  Error: canceled
      at Interface.<anonymous> (/Users/moritzreich/.yarn/lib/cli.js:137150:13)
      at Interface.emit (node:events:527:28)
      at Interface._ttyWrite (node:readline:1081:16)
      at ReadStream.onkeypress (node:readline:288:10)
      at ReadStream.emit (node:events:527:28)
      at emitKeys (node:internal/readline/utils:358:14)
      at emitKeys.next (<anonymous>)
      at ReadStream.onData (node:internal/readline/emitKeypressEvents:61:36)
      at ReadStream.emit (node:events:527:28)
      at addChunk (node:internal/streams/readable:315:12)

npm manifest: 
  {
    "name": "authlib",
    "version": "1.0.0",
    "description": "",
    "main": "dist/lib.js",
    "types": "dist/lib.d.ts",
    "files": [
      "dist",
      "types"
    ],
    "scripts": {
      "prepublish": "npm run build",
      "build": "tsc",
      "test": "echo \"Error: no test specified\" && exit 1"
    },
    "keywords": [],
    "author": "",
    "license": "ISC",
    "devDependencies": {
      "express": "^4.18.1",
      "typescript": "^4.7.2"
    },
    "dependencies": {
      "express-openid-connect": "^2.7.2"
    }
  }

yarn manifest: 
  No manifest

Lockfile: 
  # THIS IS AN AUTOGENERATED FILE. DO NOT EDIT THIS FILE DIRECTLY.
  # yarn lockfile v1
  
  
  typescript@^4.7.2:
    version "4.7.2"
    resolved "https://registry.yarnpkg.com/typescript/-/typescript-4.7.2.tgz#1f9aa2ceb9af87cca227813b4310fff0b51593c4"
    integrity sha512-Mamb1iX2FDUpcTRzltPxgWMKy3fhg0TN378ylbktPGPK/99KbDtMQ4W1hwgsbPAsG3a0xKa1vmw4VKZQbkvz5A==
